Oct-21 12:43:06.459 [main] DEBUG nextflow.cli.Launcher - $> /nix/store/53hvv2d0ypg7viniif61sxzfzy3n6jgc-nextflow-22.10.6/bin/.nextflow-wrapped run main.nf
Oct-21 12:43:06.504 [main] INFO  nextflow.cli.CmdRun - N E X T F L O W  ~  version 22.10.6
Oct-21 12:43:06.515 [main] DEBUG nextflow.plugin.PluginsFacade - Setting up plugin manager > mode=prod; embedded=false; plugins-dir=/Users/martinp4/.nextflow/plugins; core-plugins: nf-amazon@1.11.3,nf-azure@0.14.2,nf-codecommit@0.1.2,nf-console@1.0.4,nf-ga4gh@1.0.4,nf-google@1.4.5,nf-tower@1.5.6,nf-wave@0.5.3
Oct-21 12:43:06.521 [main] INFO  org.pf4j.DefaultPluginStatusProvider - Enabled plugins: []
Oct-21 12:43:06.522 [main] INFO  org.pf4j.DefaultPluginStatusProvider - Disabled plugins: []
Oct-21 12:43:06.523 [main] INFO  org.pf4j.DefaultPluginManager - PF4J version 3.4.1 in 'deployment' mode
Oct-21 12:43:06.529 [main] INFO  org.pf4j.AbstractPluginManager - No plugins
Oct-21 12:43:06.538 [main] DEBUG nextflow.config.ConfigBuilder - Found config local: /Users/martinp4/Documents/Cedars/SPIX/pipeline/scSPIX_analysis/nextflow.config
Oct-21 12:43:06.539 [main] DEBUG nextflow.config.ConfigBuilder - Parsing config file: /Users/martinp4/Documents/Cedars/SPIX/pipeline/scSPIX_analysis/nextflow.config
Oct-21 12:43:06.550 [main] DEBUG nextflow.config.ConfigBuilder - Applying config profile: `standard`
Oct-21 12:43:06.944 [main] DEBUG nextflow.cli.CmdRun - Applied DSL=2 from script declararion
Oct-21 12:43:06.948 [main] INFO  nextflow.cli.CmdRun - Launching `main.nf` [drunk_cuvier] DSL2 - revision: d9f68df7cb
Oct-21 12:43:06.948 [main] DEBUG nextflow.plugin.PluginsFacade - Plugins default=[]
Oct-21 12:43:06.949 [main] DEBUG nextflow.plugin.PluginsFacade - Plugins resolved requirement=[]
Oct-21 12:43:06.959 [main] DEBUG nextflow.secret.LocalSecretsProvider - Secrets store: /Users/martinp4/.nextflow/secrets/store.json
Oct-21 12:43:06.962 [main] DEBUG nextflow.secret.SecretsLoader - Discovered secrets providers: [nextflow.secret.LocalSecretsProvider@40ac6b76] - activable => nextflow.secret.LocalSecretsProvider@40ac6b76
Oct-21 12:43:07.001 [main] DEBUG nextflow.Session - Session UUID: 4a9b48f3-2e1d-4fd4-90b8-1c9ab72e09a6
Oct-21 12:43:07.001 [main] DEBUG nextflow.Session - Run name: drunk_cuvier
Oct-21 12:43:07.001 [main] DEBUG nextflow.Session - Executor pool size: 10
Oct-21 12:43:07.008 [main] DEBUG nextflow.util.ThreadPoolBuilder - Creating thread pool 'FileTransfer' minSize=10; maxSize=30; workQueue=LinkedBlockingQueue[10000]; allowCoreThreadTimeout=false
Oct-21 12:43:07.042 [main] DEBUG nextflow.cli.CmdRun - 
  Version: 22.10.6 build 5844
  Created: 23-01-2023 23:25 UTC (15:25 PDT)
  System: Mac OS X 15.7.1
  Runtime: Groovy 3.0.13 on OpenJDK 64-Bit Server VM 17.0.10+7-LTS
  Encoding: UTF-8 (UTF-8)
  Process: 66506@awlpdc540pm [10.226.8.21]
  CPUs: 10 - Mem: 16 GB (171.2 MB) - Swap: 2 GB (697.1 MB)
Oct-21 12:43:07.054 [main] DEBUG nextflow.Session - Work-dir: /Users/martinp4/Documents/Cedars/SPIX/pipeline/scSPIX_analysis/work [Mac OS X]
Oct-21 12:43:07.075 [main] DEBUG nextflow.executor.ExecutorFactory - Extension executors providers=[GoogleLifeSciencesExecutor, AwsBatchExecutor, GoogleBatchExecutor]
Oct-21 12:43:07.082 [main] DEBUG nextflow.Session - Observer factory: DefaultObserverFactory
Oct-21 12:43:07.093 [main] DEBUG nextflow.Session - Observer factory: TowerFactory
Oct-21 12:43:07.103 [main] DEBUG nextflow.cache.CacheFactory - Using Nextflow cache factory: nextflow.cache.DefaultCacheFactory
Oct-21 12:43:07.109 [main] DEBUG nextflow.util.CustomThreadPool - Creating default thread pool > poolSize: 11; maxThreads: 1000
Oct-21 12:43:07.157 [main] DEBUG nextflow.Session - Session start
Oct-21 12:43:07.160 [main] DEBUG nextflow.trace.TraceFileObserver - Workflow started -- trace file: /Users/martinp4/Documents/Cedars/SPIX/pipeline/scSPIX_analysis/logs/trace.txt
Oct-21 12:43:07.167 [main] DEBUG nextflow.Session - Using default localLib path: /Users/martinp4/Documents/Cedars/SPIX/pipeline/scSPIX_analysis/lib
Oct-21 12:43:07.168 [main] DEBUG nextflow.Session - Adding to the classpath library: /Users/martinp4/Documents/Cedars/SPIX/pipeline/scSPIX_analysis/lib
Oct-21 12:43:07.280 [main] DEBUG nextflow.script.ScriptRunner - > Launching execution
Oct-21 12:43:07.628 [main] INFO  nextflow.script.BaseScript - Checking if containters are present and Building...
Oct-21 12:43:07.697 [main] DEBUG nextflow.executor.ExecutorFactory - << taskConfig executor: null
Oct-21 12:43:07.697 [main] DEBUG nextflow.executor.ExecutorFactory - >> processorType: 'local'
Oct-21 12:43:07.701 [main] DEBUG nextflow.executor.Executor - [warm up] executor > local
Oct-21 12:43:07.704 [main] DEBUG n.processor.LocalPollingMonitor - Creating local task monitor for executor 'local' > cpus=10; memory=16 GB; capacity=10; pollInterval=1m; dumpInterval=5m
Oct-21 12:43:07.708 [main] DEBUG n.processor.TaskPollingMonitor - Creating submit rate limit of 1 submissions per 1 seconds
Oct-21 12:43:07.736 [main] DEBUG nextflow.processor.TaskProcessor - Creating *combiner* operator for each param(s) at index(es): [0]
Oct-21 12:43:07.748 [main] DEBUG nextflow.Session - Workflow process names [dsl2]: download_visiumHD, buildContainers, download_stereo, checkAndBuildContainers:buildContainers
Oct-21 12:43:07.749 [main] DEBUG nextflow.Session - Igniting dataflow network (3)
Oct-21 12:43:07.754 [main] DEBUG nextflow.processor.TaskProcessor - Starting process > checkAndBuildContainers:buildContainers
Oct-21 12:43:07.754 [main] DEBUG nextflow.processor.TaskProcessor - Starting process > checkAndBuildContainers:buildContainers
Oct-21 12:43:07.754 [main] DEBUG nextflow.script.ScriptRunner - > Awaiting termination 
Oct-21 12:43:07.754 [main] DEBUG nextflow.Session - Session await
Oct-21 12:43:07.755 [PathVisitor-1] DEBUG nextflow.file.PathVisitor - files for syntax: glob; folder: /Users/martinp4/Documents/Cedars/SPIX/pipeline/scSPIX_analysis/containers/; pattern: *; options: [type:dir]
Oct-21 12:43:07.890 [Task submitter] WARN  nextflow.executor.BashWrapperBuilder - Task runtime metrics are not reported when using macOS without a container engine
Oct-21 12:43:07.908 [Task submitter] DEBUG n.executor.local.LocalTaskHandler - Launch cmd line: /bin/bash -ue .command.run
Oct-21 12:43:07.909 [Task submitter] INFO  nextflow.Session - [ff/06ba9a] Submitted process > checkAndBuildContainers:buildContainers (2)
Oct-21 12:43:08.716 [Task submitter] DEBUG n.executor.local.LocalTaskHandler - Launch cmd line: /bin/bash -ue .command.run
Oct-21 12:43:08.717 [Task submitter] INFO  nextflow.Session - [aa/632280] Submitted process > checkAndBuildContainers:buildContainers (1)
Oct-21 12:43:18.392 [Task monitor] DEBUG n.processor.TaskPollingMonitor - Task completed > TaskHandler[id: 2; name: checkAndBuildContainers:buildContainers (2); status: COMPLETED; exit: 1; error: -; workDir: /Users/martinp4/Documents/Cedars/SPIX/pipeline/scSPIX_analysis/work/ff/06ba9a6c1dce6d821923699567c860]
Oct-21 12:43:18.404 [Task monitor] ERROR nextflow.processor.TaskProcessor - Error executing process > 'checkAndBuildContainers:buildContainers (2)'

Caused by:
  Process `checkAndBuildContainers:buildContainers (2)` terminated with an error exit status (1)

Command executed:

  mkdir -p /Users/martinp4/Documents/Cedars/SPIX/pipeline/scSPIX_analysis/container_cache
  
  if [ "true" = "true" ]; then
      imagePath="/Users/martinp4/Documents/Cedars/SPIX/pipeline/scSPIX_analysis/container_cache/spix.tar"
  
      if [ ! -f "${imagePath}" ]; then
          echo "Building Docker image for spix..."
          # Change to containerDir so Docker can find env files in build context
          cd spix
          docker build -t spix:latest -f Dockerfile .
          docker save spix:latest -o ${imagePath}
          echo "Built Docker image for spix"
      else
          echo "Docker image for spix already exists"
      fi
      ln -s ${imagePath} spix.tar
  else
      imagePath="/Users/martinp4/Documents/Cedars/SPIX/pipeline/scSPIX_analysis/container_cache/spix.sif"
  
      if [ ! -f "${imagePath}" ]; then
          echo "Building apptainer image for spix..."
          module load apptainer
          # Change to containerDir so apptainer can find env files
          cd spix
          apptainer build --fakeroot ${imagePath} spix.def
          echo "Built apptainer image for spix"
      else
          echo "Apptainer image for spix already exists"
      fi
      ln -s ${imagePath} spix.sif
  fi

Command exit status:
  1

Command output:
  Building Docker image for spix...

Command error:
  #8 0.164 warning  libmamba 'repo.anaconda.com', a commercial channel hosted by Anaconda.com, is used.
  #8 0.164     
  #8 0.164 warning  libmamba Please make sure you understand Anaconda Terms of Services.
  #8 0.164     
  #8 0.164 warning  libmamba See: https://legal.anaconda.com/policies/en/
  #8 8.304 
  #8 8.905 error    libmamba Could not solve for environment specs
  #8 8.905     The following packages are incompatible
  #8 8.905     ├─ _libgcc_mutex =0.1 conda_forge does not exist (perhaps a typo or a missing channel);
  #8 8.905     ├─ bzip2 =1.0.8 hda65f42_8 does not exist (perhaps a typo or a missing channel);
  #8 8.905     ├─ ld_impl_linux-64 =2.44 ha97dd6f_2 does not exist (perhaps a typo or a missing channel);
  #8 8.905     ├─ libexpat =2.7.1 hecca717_0 does not exist (perhaps a typo or a missing channel);
  #8 8.905     ├─ libffi =3.4.6 h2dba641_1 does not exist (perhaps a typo or a missing channel);
  #8 8.905     ├─ libgcc-ng =15.2.0 h69a702a_6 does not exist (perhaps a typo or a missing channel);
  #8 8.905     ├─ libgcc =15.2.0 h767d61c_6 does not exist (perhaps a typo or a missing channel);
  #8 8.905     ├─ libgomp =15.2.0 h767d61c_6 does not exist (perhaps a typo or a missing channel);
  #8 8.905     ├─ liblzma =5.8.1 hb9d3cd8_2 does not exist (perhaps a typo or a missing channel);
  #8 8.905     ├─ libnsl =2.0.1 hb9d3cd8_1 does not exist (perhaps a typo or a missing channel);
  #8 8.905     ├─ libsqlite =3.50.4 h0c1763c_0 does not exist (perhaps a typo or a missing channel);
  #8 8.905     ├─ libuuid =2.41.2 he9a06e4_0 does not exist (perhaps a typo or a missing channel);
  #8 8.905     ├─ libxcrypt =4.4.36 hd590300_1 does not exist (perhaps a typo or a missing channel);
  #8 8.905     ├─ libzlib =1.3.1 hb9d3cd8_2 does not exist (perhaps a typo or a missing channel);
  #8 8.905     ├─ ncurses =6.5 h2d0b736_3 does not exist (perhaps a typo or a missing channel);
  #8 8.905     ├─ openssl =3.5.4 h26f9b46_0 does not exist (perhaps a typo or a missing channel);
  #8 8.905     ├─ python =3.10.18 hd6af730_0_cpython does not exist (perhaps a typo or a missing channel);
  #8 8.905     ├─ readline =8.2 h8c095d6_2 does not exist (perhaps a typo or a missing channel);
  #8 8.905     └─ tk =8.6.13 noxft_hd72426e_102 does not exist (perhaps a typo or a missing channel).
  #8 8.911 critical libmamba Could not solve for environment specs
  #8 ERROR: process "/usr/local/bin/_dockerfile_shell.sh micromamba install -y -n base -f /tmp/spix_1007.yml &&     micromamba clean --all --yes" did not complete successfully: exit code: 1
  ------
   > [4/4] RUN micromamba install -y -n base -f /tmp/spix_1007.yml &&     micromamba clean --all --yes:
  8.905     ├─ libsqlite =3.50.4 h0c1763c_0 does not exist (perhaps a typo or a missing channel);
  8.905     ├─ libuuid =2.41.2 he9a06e4_0 does not exist (perhaps a typo or a missing channel);
  8.905     ├─ libxcrypt =4.4.36 hd590300_1 does not exist (perhaps a typo or a missing channel);
  8.905     ├─ libzlib =1.3.1 hb9d3cd8_2 does not exist (perhaps a typo or a missing channel);
  8.905     ├─ ncurses =6.5 h2d0b736_3 does not exist (perhaps a typo or a missing channel);
  8.905     ├─ openssl =3.5.4 h26f9b46_0 does not exist (perhaps a typo or a missing channel);
  8.905     ├─ python =3.10.18 hd6af730_0_cpython does not exist (perhaps a typo or a missing channel);
  8.905     ├─ readline =8.2 h8c095d6_2 does not exist (perhaps a typo or a missing channel);
  8.905     └─ tk =8.6.13 noxft_hd72426e_102 does not exist (perhaps a typo or a missing channel).
  8.911 critical libmamba Could not solve for environment specs
  ------
  Dockerfile:5
  --------------------
     4 |     COPY --chown=$MAMBA_USER:$MAMBA_USER spix_1007.yml /tmp/spix_1007.yml
     5 | >>> RUN micromamba install -y -n base -f /tmp/spix_1007.yml && \
     6 | >>>     micromamba clean --all --yes
     7 |     
  --------------------
  ERROR: failed to build: failed to solve: process "/usr/local/bin/_dockerfile_shell.sh micromamba install -y -n base -f /tmp/spix_1007.yml &&     micromamba clean --all --yes" did not complete successfully: exit code: 1

Work dir:
  /Users/martinp4/Documents/Cedars/SPIX/pipeline/scSPIX_analysis/work/ff/06ba9a6c1dce6d821923699567c860

Tip: view the complete command output by changing to the process work dir and entering the command `cat .command.out`
Oct-21 12:43:18.415 [Task monitor] DEBUG nextflow.Session - Session aborted -- Cause: Process `checkAndBuildContainers:buildContainers (2)` terminated with an error exit status (1)
Oct-21 12:43:18.422 [main] DEBUG nextflow.Session - Session await > all processes finished
Oct-21 12:43:18.422 [main] DEBUG nextflow.Session - Session await > all barriers passed
Oct-21 12:43:18.425 [main] WARN  n.processor.TaskPollingMonitor - Killing running tasks (1)
Oct-21 12:43:18.459 [main] DEBUG nextflow.trace.WorkflowStatsObserver - Workflow completed > WorkflowStats[succeededCount=0; failedCount=1; ignoredCount=0; cachedCount=0; pendingCount=0; submittedCount=0; runningCount=0; retriesCount=0; abortedCount=1; succeedDuration=0ms; failedDuration=16ms; cachedDuration=0ms;loadCpus=0; loadMemory=0; peakRunning=1; peakCpus=1; peakMemory=0; ]
Oct-21 12:43:18.459 [main] DEBUG nextflow.trace.TraceFileObserver - Workflow completed -- saving trace file
Oct-21 12:43:18.461 [main] DEBUG nextflow.trace.ReportObserver - Workflow completed -- rendering execution report
Oct-21 12:43:18.483 [main] DEBUG nextflow.trace.ReportObserver - Execution report summary data:
  [{"cpuUsage":null,"process":"buildContainers","mem":null,"memUsage":null,"timeUsage":null,"vmem":null,"reads":null,"cpu":null,"time":{"mean":16,"min":16,"q1":16,"q2":16,"q3":16,"max":16,"minLabel":"checkAndBuildContainers:buildContainers (2)","maxLabel":"checkAndBuildContainers:buildContainers (2)","q1Label":"checkAndBuildContainers:buildContainers (2)","q2Label":"checkAndBuildContainers:buildContainers (2)","q3Label":"checkAndBuildContainers:buildContainers (2)"},"writes":null}]
Oct-21 12:43:19.335 [main] WARN  nextflow.trace.ReportObserver - Failed to render execution report -- see the log file for details
nextflow.exception.AbortOperationException: Report file already exists: /Users/martinp4/Documents/Cedars/SPIX/pipeline/scSPIX_analysis/logs/report.html -- enable the 'report.overwrite' option in your config file to overwrite existing files
	at nextflow.trace.TraceHelper.newFileWriter(TraceHelper.groovy:66)
	at nextflow.trace.ReportObserver.renderHtml(ReportObserver.groovy:283)
	at nextflow.trace.ReportObserver.onFlowComplete(ReportObserver.groovy:140)
	at nextflow.Session.notifyFlowComplete(Session.groovy:1075)
	at nextflow.Session.shutdown0(Session.groovy:702)
	at nextflow.Session.destroy(Session.groovy:644)
	at nextflow.script.ScriptRunner.shutdown(ScriptRunner.groovy:240)
	at nextflow.script.ScriptRunner.execute(ScriptRunner.groovy:135)
	at nextflow.cli.CmdRun.run(CmdRun.groovy:354)
	at nextflow.cli.Launcher.run(Launcher.groovy:487)
	at nextflow.cli.Launcher.main(Launcher.groovy:646)
Caused by: java.nio.file.FileAlreadyExistsException: /Users/martinp4/Documents/Cedars/SPIX/pipeline/scSPIX_analysis/logs/report.html
	at java.base/sun.nio.fs.UnixException.translateToIOException(UnixException.java:94)
	at java.base/sun.nio.fs.UnixException.rethrowAsIOException(UnixException.java:106)
	at java.base/sun.nio.fs.UnixException.rethrowAsIOException(UnixException.java:111)
	at java.base/sun.nio.fs.UnixFileSystemProvider.newByteChannel(UnixFileSystemProvider.java:218)
	at java.base/java.nio.file.spi.FileSystemProvider.newOutputStream(FileSystemProvider.java:484)
	at java.base/java.nio.file.Files.newOutputStream(Files.java:228)
	at java.base/java.nio.file.Files.newBufferedWriter(Files.java:3008)
	at nextflow.trace.TraceHelper.newFileWriter(TraceHelper.groovy:63)
	... 10 common frames omitted
Oct-21 12:43:19.335 [main] DEBUG nextflow.trace.TimelineObserver - Workflow completed -- rendering execution timeline
Oct-21 12:43:19.413 [main] WARN  nextflow.trace.TimelineObserver - Failed to render execution timeline -- see the log file for details
nextflow.exception.AbortOperationException: Timeline file already exists: /Users/martinp4/Documents/Cedars/SPIX/pipeline/scSPIX_analysis/logs/timeline.html -- enable the 'timeline.overwrite' option in your config file to overwrite existing files
	at nextflow.trace.TraceHelper.newFileWriter(TraceHelper.groovy:66)
	at nextflow.trace.TimelineObserver.renderHtml(TimelineObserver.groovy:176)
	at nextflow.trace.TimelineObserver.onFlowComplete(TimelineObserver.groovy:85)
	at nextflow.Session.notifyFlowComplete(Session.groovy:1075)
	at nextflow.Session.shutdown0(Session.groovy:702)
	at nextflow.Session.destroy(Session.groovy:644)
	at nextflow.script.ScriptRunner.shutdown(ScriptRunner.groovy:240)
	at nextflow.script.ScriptRunner.execute(ScriptRunner.groovy:135)
	at nextflow.cli.CmdRun.run(CmdRun.groovy:354)
	at nextflow.cli.Launcher.run(Launcher.groovy:487)
	at nextflow.cli.Launcher.main(Launcher.groovy:646)
Caused by: java.nio.file.FileAlreadyExistsException: /Users/martinp4/Documents/Cedars/SPIX/pipeline/scSPIX_analysis/logs/timeline.html
	at java.base/sun.nio.fs.UnixException.translateToIOException(UnixException.java:94)
	at java.base/sun.nio.fs.UnixException.rethrowAsIOException(UnixException.java:106)
	at java.base/sun.nio.fs.UnixException.rethrowAsIOException(UnixException.java:111)
	at java.base/sun.nio.fs.UnixFileSystemProvider.newByteChannel(UnixFileSystemProvider.java:218)
	at java.base/java.nio.file.spi.FileSystemProvider.newOutputStream(FileSystemProvider.java:484)
	at java.base/java.nio.file.Files.newOutputStream(Files.java:228)
	at java.base/java.nio.file.Files.newBufferedWriter(Files.java:3008)
	at nextflow.trace.TraceHelper.newFileWriter(TraceHelper.groovy:63)
	... 10 common frames omitted
Oct-21 12:43:19.453 [main] WARN  nextflow.dag.GraphvizRenderer - Graphviz is required to render the execution DAG in the given format -- See http://www.graphviz.org for more info.
Oct-21 12:43:19.464 [main] DEBUG nextflow.cache.CacheDB - Closing CacheDB done
Oct-21 12:43:19.475 [main] DEBUG nextflow.script.ScriptRunner - > Execution complete -- Goodbye
